<?xml version="1.0" encoding="UTF-8"?>
<!-- Generated by org.testng.reporters.JUnitReportReporter -->
<testsuite hostname="ASEHGALVHQL18" failures="0" tests="1" name="com.firebase.test.tests.Opportunity" time="12.056" errors="0" timestamp="2022-10-01T19:23:59 EDT" skipped="0">
  <testcase classname="com.firebase.test.tests.Opportunity" name="LoginTC19" time="12.056"/>
  <system-out/>
</testsuite> <!-- com.firebase.test.tests.Opportunity -->
