<?xml version="1.0" encoding="UTF-8"?>
<!-- Generated by org.testng.reporters.JUnitReportReporter -->
<testsuite hostname="ASEHGALVHQL18" failures="0" tests="1" name="com.firebase.test.tests.Contacts" time="10.321" errors="0" timestamp="2022-10-01T22:15:20 EDT" skipped="0">
  <testcase classname="com.firebase.test.tests.Contacts" name="LoginTC32" time="10.321"/>
  <system-out/>
</testsuite> <!-- com.firebase.test.tests.Contacts -->
