<?xml version="1.0" encoding="UTF-8"?>
<!-- Generated by org.testng.reporters.JUnitReportReporter -->
<testsuite hostname="ASEHGALVHQL18" failures="0" tests="1" name="com.firebase.test.tests.Leads" time="0.006" errors="0" timestamp="2022-10-02T23:03:56 EDT" skipped="0">
  <testcase classname="com.firebase.test.tests.Leads" name="LoginTC20" time="0.006"/>
  <system-out/>
</testsuite> <!-- com.firebase.test.tests.Leads -->
