<?xml version="1.0" encoding="UTF-8"?>
<!-- Generated by org.testng.reporters.JUnitReportReporter -->
<testsuite hostname="ASEHGALVHQL18" failures="0" tests="2" name="com.firebase.test.tests.UserMenuDropDown" time="14.601" errors="0" timestamp="2022-10-03T23:11:34 EDT" skipped="1">
  <testcase classname="com.firebase.test.tests.UserMenuDropDown" name="LoginTC10" time="14.601"/>
  <system-out/>
  <testcase classname="com.firebase.test.tests.UserMenuDropDown" name="LoginTC06">
    <skipped/>
  </testcase> <!-- LoginTC06 -->
  <system-out/>
</testsuite> <!-- com.firebase.test.tests.UserMenuDropDown -->
