<?xml version="1.0" encoding="UTF-8"?>
<!-- Generated by org.testng.reporters.JUnitReportReporter -->
<testsuite hostname="ASEHGALVHQL18" failures="0" tests="1" name="com.firebase.test.tests.RandomScenarios" time="11.978" errors="0" timestamp="2022-10-02T21:21:36 EDT" skipped="0">
  <testcase classname="com.firebase.test.tests.RandomScenarios" name="LoginTC33" time="11.978"/>
  <system-out/>
</testsuite> <!-- com.firebase.test.tests.RandomScenarios -->
